
Date: Tue Nov  5 15:22:51 2024

Setting up job queue from jobs_2_find_diagram_shifts_alt.yaml
Updating job queue dependencies
Processing jobs in serial mode (non-MPI build)
Inserted new job in queue: job(1): find diagram shifts (alt) for qgraf/qQ2ww1L.qgraf.yaml
Updating job queue dependencies
Loading uncrossed integral families from file ./config/integralfamilies.yaml
Initialize integral family 'F1'
Loaded integral family F1
Initialize integral family 'F2'
Loaded integral family F2
Initialize integral family 'F3'
Loaded integral family F3
Loaded 3 (uncrossed) integral families
Done loading uncrossed integral families
Using integral family F1 (id reset to 1)
Loading crossings from file ./sectormappings/crossings.yaml
Crossing equivalence: '' -> ''
using crossing x12 (invs: {t==-t-s}, mom: {p2==p1,p1==p2})
Crossing equivalence: 'x12' -> 'x12'
Crossing equivalence: '' -> ''
Loaded crossings for kinematics ''
Loaded crossings for 1 kinematics
Done loading crossings
  generated crossed integral family F1x12 (id set to 2)
Using integral family F2 (id reset to 3)
  generated crossed integral family F2x12 (id set to 4)
Using integral family F3 (id reset to 5)
  generated crossed integral family F3x12 (id set to 6)
Done loading integral families
Updated job queue:
  [p] job(1): find diagram shifts (alt) for qgraf/qQ2ww1L.qgraf.yaml  [dep: ]


Date: Tue Nov  5 15:22:51 2024

Run ID: 4c5fc70b

Starting job(1): find diagram shifts (alt) for qgraf/qQ2ww1L.qgraf.yaml
