
Date: Tue Nov  5 15:22:51 2024

Setting up job queue from jobs_1_sector_mappings.yaml
Updating job queue dependencies
Processing jobs in serial mode (non-MPI build)
Inserted new job in queue: job(1): setup sector mappings
Updating job queue dependencies
Loading uncrossed integral families from file ./config/integralfamilies.yaml
Initialize integral family 'F1'
Loaded integral family F1
Initialize integral family 'F2'
Loaded integral family F2
Initialize integral family 'F3'
Loaded integral family F3
Loaded 3 (uncrossed) integral families
Done loading uncrossed integral families
Created auxiliary job setup_crossings
Created auxiliary job verify_permutation_symmetries for family: F1
Created auxiliary job verify_permutation_symmetries for family: F2
Created auxiliary job verify_permutation_symmetries for family: F3
Inserted new job in queue: job(2): verify permutation symmetries of family 'F3'
Inserted new job in queue: job(3): verify permutation symmetries of family 'F2'
Inserted new job in queue: job(4): verify permutation symmetries of family 'F1'
Inserted new job in queue: job(5): setup crossings
Updated job queue:
  [p] job(5): setup crossings  [dep: ]
  [p] job(4): verify permutation symmetries of family 'F1'  [dep: 5]
  [p] job(3): verify permutation symmetries of family 'F2'  [dep: 5]
  [p] job(2): verify permutation symmetries of family 'F3'  [dep: 5]
  [p] job(1): setup sector mappings  [dep: 2,3,4,5]


Date: Tue Nov  5 15:22:51 2024

Run ID: 4c5fc701

Starting job(5): setup crossings
Completed Job(5) [Time: 0s, CPU: 0s]
Updating job queue dependencies

Date: Tue Nov  5 15:22:51 2024

Run ID: 4c5fc701

Starting job(4): verify permutation symmetries of family 'F1'
Completed Job(4) [Time: 0s, CPU: 0s]
Updating job queue dependencies

Date: Tue Nov  5 15:22:51 2024

Run ID: 4c5fc701

Starting job(3): verify permutation symmetries of family 'F2'
Completed Job(3) [Time: 0s, CPU: 0s]
Updating job queue dependencies

Date: Tue Nov  5 15:22:51 2024

Run ID: 4c5fc701

Starting job(2): verify permutation symmetries of family 'F3'
Completed Job(2) [Time: 0s, CPU: 0s]
Updating job queue dependencies

Date: Tue Nov  5 15:22:51 2024

Run ID: 4c5fc701

Starting job(1): setup sector mappings
Completed Job(1) [Time: 0s, CPU: 0s]
Updating job queue dependencies
Completed jobs in jobqueue

Completed all jobs
Total run time: 0 s
